<?xml version="1.0" encoding="UTF-8"?>
<testng-results skipped="0" failed="0" ignored="0" total="2" passed="2">
  <reporter-output>
  </reporter-output>
  <suite name="Default suite" duration-ms="23169" started-at="2019-12-18T10:35:43 IST" finished-at="2019-12-18T10:36:06 IST">
    <groups>
    </groups>
    <test name="Default test" duration-ms="23169" started-at="2019-12-18T10:35:43 IST" finished-at="2019-12-18T10:36:06 IST">
      <class name="com.Efc.Functionlib.Testcases">
        <test-method status="PASS" signature="loadbrowser()[pri:0, instance:com.Efc.Functionlib.Testcases@18eed359]" name="loadbrowser" is-config="true" duration-ms="14371" started-at="2019-12-18T10:35:43 IST" finished-at="2019-12-18T10:35:57 IST">
          <reporter-output>
          </reporter-output>
        </test-method> <!-- loadbrowser -->
        <test-method status="PASS" signature="Login()[pri:0, instance:com.Efc.Functionlib.Testcases@18eed359]" name="Login" duration-ms="2745" started-at="2019-12-18T10:35:57 IST" finished-at="2019-12-18T10:36:00 IST">
          <reporter-output>
          </reporter-output>
        </test-method> <!-- Login -->
        <test-method status="PASS" signature="clientCreation()[pri:1, instance:com.Efc.Functionlib.Testcases@18eed359]" name="clientCreation" duration-ms="5999" started-at="2019-12-18T10:36:00 IST" finished-at="2019-12-18T10:36:06 IST">
          <reporter-output>
          </reporter-output>
        </test-method> <!-- clientCreation -->
      </class> <!-- com.Efc.Functionlib.Testcases -->
    </test> <!-- Default test -->
  </suite> <!-- Default suite -->
</testng-results>
