<?xml version="1.0" encoding="UTF-8"?>
<testng-results skipped="0" failed="0" ignored="0" total="1" passed="1">
  <reporter-output>
  </reporter-output>
  <suite name="Default suite" duration-ms="117" started-at="2019-12-13T11:48:25 IST" finished-at="2019-12-13T11:48:25 IST">
    <groups>
    </groups>
    <test name="Default test" duration-ms="117" started-at="2019-12-13T11:48:25 IST" finished-at="2019-12-13T11:48:25 IST">
      <class name="com.Efc.Driverfactory.Testefc">
        <test-method status="PASS" signature="AppTest()[pri:0, instance:com.Efc.Driverfactory.Testefc@4e9ba398]" name="AppTest" duration-ms="30" started-at="2019-12-13T11:48:25 IST" finished-at="2019-12-13T11:48:25 IST">
          <reporter-output>
          </reporter-output>
        </test-method> <!-- AppTest -->
      </class> <!-- com.Efc.Driverfactory.Testefc -->
    </test> <!-- Default test -->
  </suite> <!-- Default suite -->
</testng-results>
