<?xml version="1.0" encoding="UTF-8"?>
<testng-results skipped="0" failed="0" ignored="0" total="1" passed="1">
  <reporter-output>
  </reporter-output>
  <suite name="Default suite" duration-ms="44696" started-at="2019-12-11T14:33:04 IST" finished-at="2019-12-11T14:33:49 IST">
    <groups>
    </groups>
    <test name="Default test" duration-ms="44696" started-at="2019-12-11T14:33:04 IST" finished-at="2019-12-11T14:33:49 IST">
      <class name="Testingdemo.TestApp">
        <test-method status="PASS" signature="Login()[pri:0, instance:Testingdemo.TestApp@6e1ec318]" name="Login" duration-ms="44631" started-at="2019-12-11T14:33:04 IST" finished-at="2019-12-11T14:33:49 IST">
          <reporter-output>
          </reporter-output>
        </test-method> <!-- Login -->
      </class> <!-- Testingdemo.TestApp -->
    </test> <!-- Default test -->
  </suite> <!-- Default suite -->
</testng-results>
